<?xml version="1.0" encoding="UTF-8"?>
<!-- Generated by org.testng.reporters.JUnitReportReporter -->
<testsuite skipped="0" hostname="G1C2ML14124" name="maven_testing_framework.framework.Main" tests="1" failures="0" timestamp="31 Aug 2018 09:10:32 GMT" time="19.484" errors="0">
  <testcase name="mainControll" time="19.484" classname="maven_testing_framework.framework.Main"/>
</testsuite> <!-- maven_testing_framework.framework.Main -->
